08-09-13@23:17:00 Info (33)  [Common] InjuryListRequest request submitted 
08-09-13@23:17:00 Info (11)  [Common] PlanListRequest request submitted 
08-09-13@23:17:00 Info (23)  [Common] CauseListRequest request submitted 
08-09-13@23:17:00 Info (12)  [Common] SignListRequest request submitted 
08-09-13@23:17:00 Info (58)  [Common] BodyRegionListRequest request submitted 
08-09-13@23:17:00 Info (12)  [Common] SignListRequest request completed with duration of 00:00:00.0337905 
08-09-13@23:17:00 Info (23)  [Common] CauseListRequest request completed with duration of 00:00:00.0348324 
08-09-13@23:17:00 Info (58)  [Common] BodyRegionListRequest request completed with duration of 00:00:00.0353772 
08-09-13@23:17:00 Info (33)  [Common] InjuryListRequest request completed with duration of 00:00:00.0511154 
08-09-13@23:17:00 Info (11)  [Common] PlanListRequest request completed with duration of 00:00:00.4171488 
08-09-13@23:17:08 Info (58)  [Common] InjuryListRequest request submitted 
08-09-13@23:17:08 Info (11)  [Common] PlanListRequest request submitted 
08-09-13@23:17:08 Info (12)  [Common] BodyRegionListRequest request submitted 
08-09-13@23:17:08 Info (60)  [Common] SignListRequest request submitted 
08-09-13@23:17:08 Info (60)  [Common] SignListRequest request completed with duration of 00:00:00.0020057 
08-09-13@23:17:08 Info (12)  [Common] BodyRegionListRequest request completed with duration of 00:00:00.0022587 
08-09-13@23:17:08 Info (28)  [Common] CauseListRequest request submitted 
08-09-13@23:17:08 Info (28)  [Common] CauseListRequest request completed with duration of 00:00:00.0030240 
08-09-13@23:17:08 Info (11)  [Common] PlanListRequest request completed with duration of 00:00:00.0269637 
08-09-13@23:17:08 Info (58)  [Common] InjuryListRequest request completed with duration of 00:00:00.0464296 
08-09-13@23:18:20 Info (33)  [Common] InjuryListRequest request submitted 
08-09-13@23:18:20 Info (28)  [Common] PlanListRequest request submitted 
08-09-13@23:18:20 Info (23)  [Common] BodyRegionListRequest request submitted 
08-09-13@23:18:20 Info (23)  [Common] BodyRegionListRequest request completed with duration of 00:00:00.0024921 
08-09-13@23:18:20 Info (60)  [Common] SignListRequest request submitted 
08-09-13@23:18:20 Info (60)  [Common] SignListRequest request completed with duration of 00:00:00.0026835 
08-09-13@23:18:20 Info (60)  [Common] CauseListRequest request submitted 
08-09-13@23:18:20 Info (60)  [Common] CauseListRequest request completed with duration of 00:00:00.0024506 
08-09-13@23:18:20 Info (28)  [Common] PlanListRequest request completed with duration of 00:00:00.0268294 
08-09-13@23:18:20 Info (33)  [Common] InjuryListRequest request completed with duration of 00:00:00.0418764 
08-09-13@23:18:31 Info (23)  [Common] InjuryListRequest request submitted 
08-09-13@23:18:31 Info (33)  [Common] PlanListRequest request submitted 
08-09-13@23:18:31 Info (12)  [Common] BodyRegionListRequest request submitted 
08-09-13@23:18:31 Info (60)  [Common] SignListRequest request submitted 
08-09-13@23:18:31 Info (28)  [Common] CauseListRequest request submitted 
08-09-13@23:18:31 Info (12)  [Common] BodyRegionListRequest request completed with duration of 00:00:00.0033823 
08-09-13@23:18:31 Info (28)  [Common] CauseListRequest request completed with duration of 00:00:00.0030525 
08-09-13@23:18:31 Info (60)  [Common] SignListRequest request completed with duration of 00:00:00.0037821 
08-09-13@23:18:31 Info (33)  [Common] PlanListRequest request completed with duration of 00:00:00.0249423 
08-09-13@23:18:31 Info (23)  [Common] InjuryListRequest request completed with duration of 00:00:00.0463556 
08-09-13@23:18:41 Info (58)  [Common] SymptomaticRegionListRequest request submitted 
08-09-13@23:18:41 Info (58)  [Common] SymptomaticRegionListRequest request completed with duration of 00:00:00.1908182 
08-09-13@23:18:53 Info (60)  [Common] DifferentialDiagnosisRequest request submitted 
08-09-13@23:18:53 Info (60)  [Common] DifferentialDiagnosisRequest request completed with duration of 00:00:00.2292418 
08-09-13@23:18:53 Info (22)  [Common] DiagnosisReportRequest request submitted 
08-09-13@23:18:53 Info (22)  [Common] DiagnosisReportRequest request completed with duration of 00:00:00.3705929 
08-09-13@23:18:53 Info (58)  [Common] PlanRequest request submitted 
08-09-13@23:18:53 Info (11)  [Common] PlanRequest request submitted 
08-09-13@23:18:53 Info (60)  [Common] PlanRequest request submitted 
08-09-13@23:18:54 Info (11)  [Common] PlanRequest request completed with duration of 00:00:00.1037578 
08-09-13@23:18:54 Info (60)  [Common] PlanRequest request completed with duration of 00:00:00.1038181 
08-09-13@23:18:54 Info (58)  [Common] PlanRequest request completed with duration of 00:00:00.1043977 
08-09-13@23:19:09 Info (60)  [Common] InjuryListRequest request submitted 
08-09-13@23:19:09 Info (74)  [Common] SignListRequest request submitted 
08-09-13@23:19:09 Info (22)  [Common] PlanListRequest request submitted 
08-09-13@23:19:09 Info (12)  [Common] CauseListRequest request submitted 
08-09-13@23:19:09 Info (12)  [Common] CauseListRequest request completed with duration of 00:00:00.0079623 
08-09-13@23:19:09 Info (74)  [Common] SignListRequest request completed with duration of 00:00:00.0217287 
08-09-13@23:19:09 Info (74)  [Common] BodyRegionListRequest request submitted 
08-09-13@23:19:09 Info (74)  [Common] BodyRegionListRequest request completed with duration of 00:00:00.0033533 
08-09-13@23:19:09 Info (22)  [Common] PlanListRequest request completed with duration of 00:00:00.0332532 
08-09-13@23:19:09 Info (60)  [Common] InjuryListRequest request completed with duration of 00:00:00.0590207 
08-09-13@23:19:17 Info (12)  [Common] InjuryListRequest request submitted 
08-09-13@23:19:17 Info (12)  [Common] InjuryListRequest request completed with duration of 00:00:00.0551118 
08-09-13@23:20:34 Info (60)  [Common] CauseListRequest request submitted 
08-09-13@23:20:34 Info (36)  [Common] BodyRegionListRequest request submitted 
08-09-13@23:20:34 Info (11)  [Common] InjuryListRequest request submitted 
08-09-13@23:20:34 Info (60)  [Common] CauseListRequest request completed with duration of 00:00:00.0026898 
08-09-13@23:20:34 Info (36)  [Common] BodyRegionListRequest request completed with duration of 00:00:00.0026826 
08-09-13@23:20:34 Info (36)  [Common] SignListRequest request submitted 
08-09-13@23:20:34 Info (28)  [Common] PlanListRequest request submitted 
08-09-13@23:20:34 Info (36)  [Common] SignListRequest request completed with duration of 00:00:00.0046514 
08-09-13@23:20:34 Info (28)  [Common] PlanListRequest request completed with duration of 00:00:00.0244497 
08-09-13@23:20:34 Info (11)  [Common] InjuryListRequest request completed with duration of 00:00:00.0383169 
08-09-13@23:20:45 Info (60)  [Common] InjuryListRequest request submitted 
08-09-13@23:20:45 Info (9)  [Common] PlanListRequest request submitted 
08-09-13@23:20:45 Info (12)  [Common] BodyRegionListRequest request submitted 
08-09-13@23:20:45 Info (23)  [Common] SignListRequest request submitted 
08-09-13@23:20:45 Info (14)  [Common] CauseListRequest request submitted 
08-09-13@23:20:45 Info (12)  [Common] BodyRegionListRequest request completed with duration of 00:00:00.0028098 
08-09-13@23:20:45 Info (14)  [Common] CauseListRequest request completed with duration of 00:00:00.0027527 
08-09-13@23:20:45 Info (23)  [Common] SignListRequest request completed with duration of 00:00:00.0048597 
08-09-13@23:20:45 Info (9)  [Common] PlanListRequest request completed with duration of 00:00:00.0271012 
08-09-13@23:20:45 Info (60)  [Common] InjuryListRequest request completed with duration of 00:00:00.0451999 
