10-08-13@20:34:15 Info (8)  [Common] Request Attempt - RequestUri: http://localhost:2200/v1/symptoms 
10-08-13@20:36:11 Info (8)  [Common] Request Success - RequestUri: http://localhost:2200/v1/symptoms; 
10-08-13@20:36:42 Info (14)  [Common] Request Attempt - RequestUri: http://localhost:2200/v1/bodyregions 
10-08-13@20:36:42 Info (7)  [Common] Request Attempt - RequestUri: http://localhost:2200/v1/plans 
10-08-13@20:36:42 Info (5)  [Common] Request Attempt - RequestUri: http://localhost:2200/v1/injuries 
10-08-13@20:36:42 Info (18)  [Common] Request Attempt - RequestUri: http://localhost:2200/v1/signs 
10-08-13@20:36:42 Info (14)  [Common] Request Success - RequestUri: http://localhost:2200/v1/bodyregions; 
10-08-13@20:36:42 Info (18)  [Common] Request Success - RequestUri: http://localhost:2200/v1/signs; 
10-08-13@20:36:42 Info (13)  [Common] Request Attempt - RequestUri: http://localhost:2200/v1/causes 
10-08-13@20:36:42 Info (8)  [Common] Request Attempt - RequestUri: http://localhost:2200/v1/bodypartmatrix 
10-08-13@20:36:43 Info (13)  [Common] Request Success - RequestUri: http://localhost:2200/v1/causes; 
10-08-13@20:36:43 Info (18)  [Common] Request Attempt - RequestUri: http://localhost:2200/v1/symptoms 
10-08-13@20:36:43 Info (18)  [Common] Request Success - RequestUri: http://localhost:2200/v1/symptoms; 
10-08-13@20:36:43 Info (8)  [Common] Request Success - RequestUri: http://localhost:2200/v1/bodypartmatrix; 
10-08-13@20:36:44 Info (7)  [Common] Request Success - RequestUri: http://localhost:2200/v1/plans; 
10-08-13@20:36:45 Info (5)  [Common] Request Success - RequestUri: http://localhost:2200/v1/injuries; 
10-08-13@20:51:04 Info (27)  [Common] Request Attempt - RequestUri: http://localhost:2200/v1/injuries 
10-08-13@20:51:04 Info (24)  [Common] Request Attempt - RequestUri: http://localhost:2200/v1/plans 
10-08-13@20:51:04 Info (11)  [Common] Request Attempt - RequestUri: http://localhost:2200/v1/bodyregions 
10-08-13@20:51:04 Info (21)  [Common] Request Attempt - RequestUri: http://localhost:2200/v1/causes 
10-08-13@20:51:04 Info (11)  [Common] Request Success - RequestUri: http://localhost:2200/v1/bodyregions; 
10-08-13@20:51:04 Info (11)  [Common] Request Attempt - RequestUri: http://localhost:2200/v1/signs 
10-08-13@20:51:04 Info (11)  [Common] Request Success - RequestUri: http://localhost:2200/v1/signs; 
10-08-13@20:51:04 Info (21)  [Common] Request Success - RequestUri: http://localhost:2200/v1/causes; 
10-08-13@20:51:04 Info (21)  [Common] Request Attempt - RequestUri: http://localhost:2200/v1/symptoms 
10-08-13@20:51:04 Info (11)  [Common] Request Attempt - RequestUri: http://localhost:2200/v1/bodypartmatrix 
10-08-13@20:51:04 Info (21)  [Common] Request Success - RequestUri: http://localhost:2200/v1/symptoms; 
10-08-13@20:51:04 Info (11)  [Common] Request Success - RequestUri: http://localhost:2200/v1/bodypartmatrix; 
10-08-13@20:51:05 Info (24)  [Common] Request Success - RequestUri: http://localhost:2200/v1/plans; 
10-08-13@20:51:05 Info (27)  [Common] Request Success - RequestUri: http://localhost:2200/v1/injuries; 
10-08-13@20:51:39 Info (27)  [Common] Request Attempt - RequestUri: http://localhost:2200/v1/injuries/1 
10-08-13@20:51:41 Info (27)  [Common] Request Success - RequestUri: http://localhost:2200/v1/injuries/1; 
10-08-13@20:51:41 Info (11)  [Common] Request Attempt - RequestUri: http://localhost:2200/v1/injuries 
10-08-13@20:51:41 Info (11)  [Common] Request Success - RequestUri: http://localhost:2200/v1/injuries; 
10-08-13@20:58:15 Info (36)  [Common] Request Attempt - RequestUri: http://localhost:2200/v1/injuries 
10-08-13@20:58:15 Info (21)  [Common] Request Attempt - RequestUri: http://localhost:2200/v1/signs 
10-08-13@20:58:15 Info (37)  [Common] Request Attempt - RequestUri: http://localhost:2200/v1/plans 
10-08-13@20:58:15 Info (11)  [Common] Request Attempt - RequestUri: http://localhost:2200/v1/bodyregions 
10-08-13@20:58:15 Info (33)  [Common] Request Attempt - RequestUri: http://localhost:2200/v1/causes 
10-08-13@20:58:19 Info (21)  [Common] Request Success - RequestUri: http://localhost:2200/v1/signs; 
10-08-13@20:58:19 Info (11)  [Common] Request Success - RequestUri: http://localhost:2200/v1/bodyregions; 
10-08-13@20:58:19 Info (33)  [Common] Request Success - RequestUri: http://localhost:2200/v1/causes; 
10-08-13@20:58:19 Info (33)  [Common] Request Attempt - RequestUri: http://localhost:2200/v1/bodypartmatrix 
10-08-13@20:58:19 Info (28)  [Common] Request Attempt - RequestUri: http://localhost:2200/v1/symptoms 
10-08-13@20:58:20 Info (28)  [Common] Request Success - RequestUri: http://localhost:2200/v1/symptoms; 
10-08-13@20:58:20 Info (37)  [Common] Request Success - RequestUri: http://localhost:2200/v1/plans; 
10-08-13@20:58:20 Info (33)  [Common] Request Success - RequestUri: http://localhost:2200/v1/bodypartmatrix; 
10-08-13@20:58:20 Info (36)  [Common] Request Success - RequestUri: http://localhost:2200/v1/injuries; 
